<?xml version="1.0" encoding="UTF-8"?>
<testng-results ignored="0" total="1" passed="1" failed="0" skipped="0">
  <reporter-output>
  </reporter-output>
  <suite started-at="2024-10-15T17:33:21 IST" name="Default suite" finished-at="2024-10-15T17:34:27 IST" duration-ms="65623">
    <groups>
    </groups>
    <test started-at="2024-10-15T17:33:21 IST" name="Default test" finished-at="2024-10-15T17:34:27 IST" duration-ms="65623">
      <class name="main.MainClass">
        <test-method is-config="true" signature="openchrome()[pri:0, instance:main.MainClass@6283d8b8]" started-at="2024-10-15T17:33:21 IST" name="openchrome" finished-at="2024-10-15T17:33:24 IST" duration-ms="2939" status="PASS">
          <reporter-output>
          </reporter-output>
        </test-method> <!-- openchrome -->
        <test-method signature="login()[pri:1, instance:main.MainClass@6283d8b8]" started-at="2024-10-15T17:33:24 IST" name="login" finished-at="2024-10-15T17:34:27 IST" duration-ms="62636" status="PASS">
          <reporter-output>
          </reporter-output>
        </test-method> <!-- login -->
        <test-method is-config="true" signature="CloseBrowser()[pri:0, instance:main.MainClass@6283d8b8]" started-at="2024-10-15T17:34:27 IST" name="CloseBrowser" finished-at="2024-10-15T17:34:27 IST" duration-ms="0" status="PASS">
          <reporter-output>
          </reporter-output>
        </test-method> <!-- CloseBrowser -->
      </class> <!-- main.MainClass -->
    </test> <!-- Default test -->
  </suite> <!-- Default suite -->
</testng-results>
